<?xml version="1.0" encoding="UTF-8"?>
<!-- Generated by org.testng.reporters.JUnitReportReporter -->
<testsuite hostname="BIR-LTEE2449258" failures="0" tests="131" name="Execution.formsWorkflowPart2" time="230.598" errors="0" timestamp="2023-09-25T14:33:27 CDT" skipped="0">
  <testcase classname="Execution.formsWorkflowPart2" name="testForCertPage" time="0.586"/>
  <system-out/>
  <testcase classname="Execution.formsWorkflowPart2" name="initializePOM" time="2.996"/>
  <system-out/>
  <testcase classname="Execution.formsWorkflowPart2" name="selectCurrentFormByXpath" time="2.854"/>
  <system-out/>
  <testcase classname="Execution.formsWorkflowPart2" name="selectAddSectionHeading02" time="1.754"/>
  <system-out/>
  <testcase classname="Execution.formsWorkflowPart2" name="inputFieldName02" time="2.079"/>
  <system-out/>
  <testcase classname="Execution.formsWorkflowPart2" name="inputShortLabel02" time="1.271"/>
  <system-out/>
  <testcase classname="Execution.formsWorkflowPart2" name="selectNumericTypeField" time="2.850"/>
  <system-out/>
  <testcase classname="Execution.formsWorkflowPart2" name="inputDefaultAnswer02" time="1.061"/>
  <system-out/>
  <testcase classname="Execution.formsWorkflowPart2" name="selectFieldRequired02" time="1.607"/>
  <system-out/>
  <testcase classname="Execution.formsWorkflowPart2" name="selectFieldSensitiveData02" time="1.062"/>
  <system-out/>
  <testcase classname="Execution.formsWorkflowPart2" name="selectSortValue02" time="1.135"/>
  <system-out/>
  <testcase classname="Execution.formsWorkflowPart2" name="selectQuestionSave02" time="1.726"/>
  <system-out/>
  <testcase classname="Execution.formsWorkflowPart2" name="editQuestionQ2" time="1.691"/>
  <system-out/>
  <testcase classname="Execution.formsWorkflowPart2" name="selectDeleteQuestion" time="1.751"/>
  <system-out/>
  <testcase classname="Execution.formsWorkflowPart2" name="selectQuestionSave03" time="1.614"/>
  <system-out/>
  <testcase classname="Execution.formsWorkflowPart2" name="selectRestoreFields" time="1.991"/>
  <system-out/>
  <testcase classname="Execution.formsWorkflowPart2" name="selectDataToRestore" time="3.549"/>
  <system-out/>
  <testcase classname="Execution.formsWorkflowPart2" name="selectCurrentFormByXpath02" time="2.794"/>
  <system-out/>
  <testcase classname="Execution.formsWorkflowPart2" name="addSubQuestionQ2S01" time="1.687"/>
  <system-out/>
  <testcase classname="Execution.formsWorkflowPart2" name="inputFieldNameQ2S01" time="2.505"/>
  <system-out/>
  <testcase classname="Execution.formsWorkflowPart2" name="inputShortLabelQ2S01" time="1.430"/>
  <system-out/>
  <testcase classname="Execution.formsWorkflowPart2" name="selectTypeDateQ2S01" time="2.810"/>
  <system-out/>
  <testcase classname="Execution.formsWorkflowPart2" name="inputDefaultAnswerQ2S01" time="1.788"/>
  <system-out/>
  <testcase classname="Execution.formsWorkflowPart2" name="selectFieldRequiredQ2S01" time="1.712"/>
  <system-out/>
  <testcase classname="Execution.formsWorkflowPart2" name="selectFieldSensitiveDataQ2S01" time="1.052"/>
  <system-out/>
  <testcase classname="Execution.formsWorkflowPart2" name="selectSortValueQ2S01" time="1.663"/>
  <system-out/>
  <testcase classname="Execution.formsWorkflowPart2" name="selectQuestionSaveQ2S01" time="1.704"/>
  <system-out/>
  <testcase classname="Execution.formsWorkflowPart2" name="addSubQuestionQ2S02" time="1.725"/>
  <system-out/>
  <testcase classname="Execution.formsWorkflowPart2" name="inputFieldNameQ2S02" time="2.663"/>
  <system-out/>
  <testcase classname="Execution.formsWorkflowPart2" name="inputShortLabelQ2S02" time="1.445"/>
  <system-out/>
  <testcase classname="Execution.formsWorkflowPart2" name="selectInputTypeQ2S02" time="2.757"/>
  <system-out/>
  <testcase classname="Execution.formsWorkflowPart2" name="populateRadioOptions" time="2.136"/>
  <system-out/>
  <testcase classname="Execution.formsWorkflowPart2" name="inputDefaultAnswerQ2S02" time="1.066"/>
  <system-out/>
  <testcase classname="Execution.formsWorkflowPart2" name="selectFieldRequiredQ2S02" time="1.681"/>
  <system-out/>
  <testcase classname="Execution.formsWorkflowPart2" name="selectFieldSensitiveDataQ2S02" time="1.020"/>
  <system-out/>
  <testcase classname="Execution.formsWorkflowPart2" name="selectSortValueQ2S02" time="1.665"/>
  <system-out/>
  <testcase classname="Execution.formsWorkflowPart2" name="selectQuestionSaveQ2S02" time="1.684"/>
  <system-out/>
  <testcase classname="Execution.formsWorkflowPart2" name="addSubQuestionQ2S03" time="1.661"/>
  <system-out/>
  <testcase classname="Execution.formsWorkflowPart2" name="inputFieldNameQ2S03" time="2.850"/>
  <system-out/>
  <testcase classname="Execution.formsWorkflowPart2" name="inputShortLabelQ2S03" time="1.432"/>
  <system-out/>
  <testcase classname="Execution.formsWorkflowPart2" name="selectTypeDateQ2S03" time="2.839"/>
  <system-out/>
  <testcase classname="Execution.formsWorkflowPart2" name="populateCheckboxOptions" time="1.825"/>
  <system-out/>
  <testcase classname="Execution.formsWorkflowPart2" name="inputDefaultAnswerQ2S03" time="1.018"/>
  <system-out/>
  <testcase classname="Execution.formsWorkflowPart2" name="selectFieldRequiredQ2S03" time="1.747"/>
  <system-out/>
  <testcase classname="Execution.formsWorkflowPart2" name="selectFieldSensitiveDataQ2S03" time="1.033"/>
  <system-out/>
  <testcase classname="Execution.formsWorkflowPart2" name="selectSortValueQ2S03" time="1.610"/>
  <system-out/>
  <testcase classname="Execution.formsWorkflowPart2" name="selectQuestionSaveQ2S03" time="1.723"/>
  <system-out/>
  <testcase classname="Execution.formsWorkflowPart2" name="addSubQuestionQ2S04" time="1.547"/>
  <system-out/>
  <testcase classname="Execution.formsWorkflowPart2" name="inputFieldNameQ2S04" time="2.900"/>
  <system-out/>
  <testcase classname="Execution.formsWorkflowPart2" name="inputShortLabelQ2S04" time="1.409"/>
  <system-out/>
  <testcase classname="Execution.formsWorkflowPart2" name="selectTypeCheckboxes" time="2.731"/>
  <system-out/>
  <testcase classname="Execution.formsWorkflowPart2" name="populateCheckboxesOptions" time="2.029"/>
  <system-out/>
  <testcase classname="Execution.formsWorkflowPart2" name="inputDefaultAnswerQ2S04" time="1.050"/>
  <system-out/>
  <testcase classname="Execution.formsWorkflowPart2" name="selectFieldRequiredQ2S04" time="1.664"/>
  <system-out/>
  <testcase classname="Execution.formsWorkflowPart2" name="selectFieldSensitiveDataQ2S04" time="1.042"/>
  <system-out/>
  <testcase classname="Execution.formsWorkflowPart2" name="selectSortValueQ2S04" time="1.726"/>
  <system-out/>
  <testcase classname="Execution.formsWorkflowPart2" name="selectQuestionSaveQ2S04" time="1.673"/>
  <system-out/>
  <testcase classname="Execution.formsWorkflowPart2" name="selectAddSectionHeadingQ3" time="1.753"/>
  <system-out/>
  <testcase classname="Execution.formsWorkflowPart2" name="inputFieldNameQ3" time="1.998"/>
  <system-out/>
  <testcase classname="Execution.formsWorkflowPart2" name="inputShortLabelQ3" time="1.174"/>
  <system-out/>
  <testcase classname="Execution.formsWorkflowPart2" name="selectTypeMultiselect" time="2.616"/>
  <system-out/>
  <testcase classname="Execution.formsWorkflowPart2" name="populateMultiselectOptions" time="2.155"/>
  <system-out/>
  <testcase classname="Execution.formsWorkflowPart2" name="inputDefaultAnswerQ3" time="0.999"/>
  <system-out/>
  <testcase classname="Execution.formsWorkflowPart2" name="selectFieldRequiredQ3" time="1.789"/>
  <system-out/>
  <testcase classname="Execution.formsWorkflowPart2" name="selectFieldSensitiveDataQ3" time="1.032"/>
  <system-out/>
  <testcase classname="Execution.formsWorkflowPart2" name="selectSortValueQ3" time="1.646"/>
  <system-out/>
  <testcase classname="Execution.formsWorkflowPart2" name="selectQuestionSaveQ3" time="1.622"/>
  <system-out/>
  <testcase classname="Execution.formsWorkflowPart2" name="addSubQuestionQ3S01" time="1.683"/>
  <system-out/>
  <testcase classname="Execution.formsWorkflowPart2" name="inputFieldNameQ3S01" time="1.963"/>
  <system-out/>
  <testcase classname="Execution.formsWorkflowPart2" name="inputShortLabelQ3S01" time="1.414"/>
  <system-out/>
  <testcase classname="Execution.formsWorkflowPart2" name="selectTypeDropdown" time="2.744"/>
  <system-out/>
  <testcase classname="Execution.formsWorkflowPart2" name="populateDropdownOptions" time="2.195"/>
  <system-out/>
  <testcase classname="Execution.formsWorkflowPart2" name="inputDefaultAnswerQ3S01" time="1.054"/>
  <system-out/>
  <testcase classname="Execution.formsWorkflowPart2" name="selectFieldRequiredQ3S01" time="1.687"/>
  <system-out/>
  <testcase classname="Execution.formsWorkflowPart2" name="selectFieldSensitiveDataQ3S01" time="1.043"/>
  <system-out/>
  <testcase classname="Execution.formsWorkflowPart2" name="selectSortValueQ3S01" time="1.700"/>
  <system-out/>
  <testcase classname="Execution.formsWorkflowPart2" name="selectQuestionSaveQ3S01" time="1.727"/>
  <system-out/>
  <testcase classname="Execution.formsWorkflowPart2" name="addSubQuestionQ3S02" time="1.740"/>
  <system-out/>
  <testcase classname="Execution.formsWorkflowPart2" name="inputFieldNameQ3S02" time="2.404"/>
  <system-out/>
  <testcase classname="Execution.formsWorkflowPart2" name="inputShortLabelQ3S02" time="1.448"/>
  <system-out/>
  <testcase classname="Execution.formsWorkflowPart2" name="selectTypeFileAttachment" time="2.826"/>
  <system-out/>
  <testcase classname="Execution.formsWorkflowPart2" name="inputDefaultAnswerQ3S02" time="1.033"/>
  <system-out/>
  <testcase classname="Execution.formsWorkflowPart2" name="selectFieldRequiredQ3S02" time="1.789"/>
  <system-out/>
  <testcase classname="Execution.formsWorkflowPart2" name="selectFieldSensitiveDataQ3S02" time="1.025"/>
  <system-out/>
  <testcase classname="Execution.formsWorkflowPart2" name="selectSortValueQ3S02" time="1.632"/>
  <system-out/>
  <testcase classname="Execution.formsWorkflowPart2" name="selectQuestionSaveQ3S02" time="1.678"/>
  <system-out/>
  <testcase classname="Execution.formsWorkflowPart2" name="addSubQuestionQ3S03" time="1.740"/>
  <system-out/>
  <testcase classname="Execution.formsWorkflowPart2" name="inputFieldNameQ3S03" time="2.564"/>
  <system-out/>
  <testcase classname="Execution.formsWorkflowPart2" name="inputShortLabelQ3S03" time="1.443"/>
  <system-out/>
  <testcase classname="Execution.formsWorkflowPart2" name="selectTypeImageAttachment" time="2.808"/>
  <system-out/>
  <testcase classname="Execution.formsWorkflowPart2" name="inputDefaultAnswerQ3S03" time="0.990"/>
  <system-out/>
  <testcase classname="Execution.formsWorkflowPart2" name="selectFieldRequiredQ3S03" time="1.685"/>
  <system-out/>
  <testcase classname="Execution.formsWorkflowPart2" name="selectFieldSensitiveDataQ3S03" time="1.053"/>
  <system-out/>
  <testcase classname="Execution.formsWorkflowPart2" name="selectSortValueQ3S03" time="1.731"/>
  <system-out/>
  <testcase classname="Execution.formsWorkflowPart2" name="selectQuestionSaveQ3S03" time="1.709"/>
  <system-out/>
  <testcase classname="Execution.formsWorkflowPart2" name="addSubQuestionQ4" time="1.732"/>
  <system-out/>
  <testcase classname="Execution.formsWorkflowPart2" name="inputFieldNameQ4" time="2.289"/>
  <system-out/>
  <testcase classname="Execution.formsWorkflowPart2" name="inputShortLabelQ4" time="1.201"/>
  <system-out/>
  <testcase classname="Execution.formsWorkflowPart2" name="selectTypeOrgChartGroup" time="2.786"/>
  <system-out/>
  <testcase classname="Execution.formsWorkflowPart2" name="inputDefaultAnswerQ4" time="1.047"/>
  <system-out/>
  <testcase classname="Execution.formsWorkflowPart2" name="selectFieldRequiredQ4" time="1.710"/>
  <system-out/>
  <testcase classname="Execution.formsWorkflowPart2" name="selectFieldSensitiveDataQ4" time="1.039"/>
  <system-out/>
  <testcase classname="Execution.formsWorkflowPart2" name="selectSortValueQ4" time="1.681"/>
  <system-out/>
  <testcase classname="Execution.formsWorkflowPart2" name="selectQuestionSaveQ4" time="1.705"/>
  <system-out/>
  <testcase classname="Execution.formsWorkflowPart2" name="addSubQuestionQ4S01" time="1.745"/>
  <system-out/>
  <testcase classname="Execution.formsWorkflowPart2" name="inputFieldNameQ4S01" time="2.495"/>
  <system-out/>
  <testcase classname="Execution.formsWorkflowPart2" name="inputShortLabelQ4S01" time="1.461"/>
  <system-out/>
  <testcase classname="Execution.formsWorkflowPart2" name="selectTypeOrgChartPosition" time="2.786"/>
  <system-out/>
  <testcase classname="Execution.formsWorkflowPart2" name="inputDefaultAnswerQ4S01" time="1.037"/>
  <system-out/>
  <testcase classname="Execution.formsWorkflowPart2" name="selectFieldRequiredQ4S01" time="1.780"/>
  <system-out/>
  <testcase classname="Execution.formsWorkflowPart2" name="selectFieldSensitiveDataQ4S01" time="1.007"/>
  <system-out/>
  <testcase classname="Execution.formsWorkflowPart2" name="selectSortValueQ4S01" time="1.649"/>
  <system-out/>
  <testcase classname="Execution.formsWorkflowPart2" name="selectQuestionSaveQ4S01" time="1.634"/>
  <system-out/>
  <testcase classname="Execution.formsWorkflowPart2" name="addSubQuestionQ4S02" time="1.739"/>
  <system-out/>
  <testcase classname="Execution.formsWorkflowPart2" name="inputFieldNameQ4S02" time="2.623"/>
  <system-out/>
  <testcase classname="Execution.formsWorkflowPart2" name="inputShortLabelQ4S02" time="1.475"/>
  <system-out/>
  <testcase classname="Execution.formsWorkflowPart2" name="selectTypeOrgChartEmployee" time="2.797"/>
  <system-out/>
  <testcase classname="Execution.formsWorkflowPart2" name="inputDefaultAnswerQ4S02" time="0.965"/>
  <system-out/>
  <testcase classname="Execution.formsWorkflowPart2" name="selectFieldRequiredQ4S02" time="1.743"/>
  <system-out/>
  <testcase classname="Execution.formsWorkflowPart2" name="selectFieldSensitiveDataQ4S02" time="1.037"/>
  <system-out/>
  <testcase classname="Execution.formsWorkflowPart2" name="selectSortValueQ4S02" time="1.681"/>
  <system-out/>
  <testcase classname="Execution.formsWorkflowPart2" name="selectQuestionSaveQ4S02" time="1.689"/>
  <system-out/>
  <testcase classname="Execution.formsWorkflowPart2" name="selectAddSectionHeadingQ5" time="1.714"/>
  <system-out/>
  <testcase classname="Execution.formsWorkflowPart2" name="inputFieldNameQ5" time="1.837"/>
  <system-out/>
  <testcase classname="Execution.formsWorkflowPart2" name="inputShortLabelQ5" time="1.224"/>
  <system-out/>
  <testcase classname="Execution.formsWorkflowPart2" name="selectTypeRawData" time="2.714"/>
  <system-out/>
  <testcase classname="Execution.formsWorkflowPart2" name="inputDefaultAnswerQ5" time="1.043"/>
  <system-out/>
  <testcase classname="Execution.formsWorkflowPart2" name="selectFieldRequiredQ5" time="1.757"/>
  <system-out/>
  <testcase classname="Execution.formsWorkflowPart2" name="selectFieldSensitiveDataQ5" time="1.038"/>
  <system-out/>
  <testcase classname="Execution.formsWorkflowPart2" name="selectSortValueQ5" time="1.664"/>
  <system-out/>
  <testcase classname="Execution.formsWorkflowPart2" name="selectQuestionSaveQ5" time="1.709"/>
  <system-out/>
</testsuite> <!-- Execution.formsWorkflowPart2 -->
