<?xml version="1.0" encoding="UTF-8"?>
<!-- Generated by org.testng.reporters.JUnitReportReporter -->
<testsuite hostname="BIR-LTEE2449258" failures="0" tests="9" name="Execution.orgChartWorkflow" time="19.483" errors="0" timestamp="2023-09-25T14:33:27 CDT" skipped="0">
  <testcase classname="Execution.orgChartWorkflow" name="testForCertPage" time="0.581"/>
  <system-out/>
  <testcase classname="Execution.orgChartWorkflow" name="searchByEmployee" time="2.283"/>
  <system-out/>
  <testcase classname="Execution.orgChartWorkflow" name="verifySearchByEmployee" time="2.588"/>
  <system-out/>
  <testcase classname="Execution.orgChartWorkflow" name="searchByPosition" time="2.786"/>
  <system-out/>
  <testcase classname="Execution.orgChartWorkflow" name="verifySearchByPosition" time="2.524"/>
  <system-out/>
  <testcase classname="Execution.orgChartWorkflow" name="searchByGroup" time="1.558"/>
  <system-out/>
  <testcase classname="Execution.orgChartWorkflow" name="verifySearchByGroup" time="2.500"/>
  <system-out/>
  <testcase classname="Execution.orgChartWorkflow" name="searchByServices" time="2.136"/>
  <system-out/>
  <testcase classname="Execution.orgChartWorkflow" name="verifySearchByService" time="2.527"/>
  <system-out/>
</testsuite> <!-- Execution.orgChartWorkflow -->
