<?xml version="1.0" encoding="UTF-8"?>
<!-- Generated by org.testng.reporters.JUnitReportReporter -->
<testsuite hostname="BIR-LTEE2449258" failures="0" tests="12" name="Execution.homePageTest" time="38.490" errors="0" timestamp="2023-09-25T14:33:27 CDT" skipped="0">
  <testcase classname="Execution.homePageTest" name="testForCertPage" time="0.561"/>
  <system-out/>
  <testcase classname="Execution.homePageTest" name="verifyPageTitle" time="0.019"/>
  <system-out/>
  <testcase classname="Execution.homePageTest" name="selectNewRequest" time="2.346"/>
  <system-out/>
  <testcase classname="Execution.homePageTest" name="selectInbox" time="5.553"/>
  <system-out/>
  <testcase classname="Execution.homePageTest" name="selectBookmarks" time="4.317"/>
  <system-out/>
  <testcase classname="Execution.homePageTest" name="selectReportBuilder" time="4.963"/>
  <system-out/>
  <testcase classname="Execution.homePageTest" name="showMoreRecords" time="3.638"/>
  <system-out/>
  <testcase classname="Execution.homePageTest" name="basicSearchNumber" time="3.118"/>
  <system-out/>
  <testcase classname="Execution.homePageTest" name="basicSearchText" time="3.928"/>
  <system-out/>
  <testcase classname="Execution.homePageTest" name="linksDropdown" time="2.665"/>
  <system-out/>
  <testcase classname="Execution.homePageTest" name="helpDropdown" time="2.128"/>
  <system-out/>
  <testcase classname="Execution.homePageTest" name="adminPanelPage" time="5.254"/>
  <system-out/>
</testsuite> <!-- Execution.homePageTest -->
