<?xml version="1.0" encoding="UTF-8"?>
<!-- Generated by org.testng.reporters.JUnitReportReporter -->
<testsuite hostname="BIR-LTEE2449258" failures="0" tests="124" name="Execution.formsWorkflow" time="247.947" errors="0" timestamp="2023-10-03T09:13:06 CDT" skipped="0">
  <testcase classname="Execution.formsWorkflow" name="testForCertPage" time="0.735"/>
  <system-out/>
  <testcase classname="Execution.formsWorkflow" name="clickCreateForm" time="1.753"/>
  <system-out/>
  <testcase classname="Execution.formsWorkflow" name="inputFormLabel" time="1.345"/>
  <system-out/>
  <testcase classname="Execution.formsWorkflow" name="inputFormDesc" time="2.075"/>
  <system-out/>
  <testcase classname="Execution.formsWorkflow" name="selectSave" time="1.706"/>
  <system-out/>
  <testcase classname="Execution.formsWorkflow" name="deleteForm" time="1.680"/>
  <system-out/>
  <testcase classname="Execution.formsWorkflow" name="confirmDeleteForm" time="1.692"/>
  <system-out/>
  <testcase classname="Execution.formsWorkflow" name="clickCreateForm02" time="2.084"/>
  <system-out/>
  <testcase classname="Execution.formsWorkflow" name="inputFormLabel02" time="1.819"/>
  <system-out/>
  <testcase classname="Execution.formsWorkflow" name="inputFormDesc02" time="3.103"/>
  <system-out/>
  <testcase classname="Execution.formsWorkflow" name="selectCancel" time="1.664"/>
  <system-out/>
  <testcase classname="Execution.formsWorkflow" name="clickCreateForm03" time="1.670"/>
  <system-out/>
  <testcase classname="Execution.formsWorkflow" name="inputFormLabel03" time="1.789"/>
  <system-out/>
  <testcase classname="Execution.formsWorkflow" name="inputFormDesc03" time="2.880"/>
  <system-out/>
  <testcase classname="Execution.formsWorkflow" name="selectSave01" time="1.659"/>
  <system-out/>
  <testcase classname="Execution.formsWorkflow" name="selectEditProperties" time="1.705"/>
  <system-out/>
  <testcase classname="Execution.formsWorkflow" name="selectWorkflow" time="3.890"/>
  <system-out/>
  <testcase classname="Execution.formsWorkflow" name="selectCancelChange" time="1.678"/>
  <system-out/>
  <testcase classname="Execution.formsWorkflow" name="selectEditProperties2" time="1.674"/>
  <system-out/>
  <testcase classname="Execution.formsWorkflow" name="selectWorkflow2" time="3.923"/>
  <system-out/>
  <testcase classname="Execution.formsWorkflow" name="selectNeedToKnow" time="2.489"/>
  <system-out/>
  <testcase classname="Execution.formsWorkflow" name="selectAvailability" time="2.685"/>
  <system-out/>
  <testcase classname="Execution.formsWorkflow" name="selectSortPriority" time="1.682"/>
  <system-out/>
  <testcase classname="Execution.formsWorkflow" name="selectType" time="2.514"/>
  <system-out/>
  <testcase classname="Execution.formsWorkflow" name="selectSaveProperties" time="1.675"/>
  <system-out/>
  <testcase classname="Execution.formsWorkflow" name="selectEditCollaborators" time="2.390"/>
  <system-out/>
  <testcase classname="Execution.formsWorkflow" name="selectAddGroup" time="1.908"/>
  <system-out/>
  <testcase classname="Execution.formsWorkflow" name="selectAddCollaborators" time="3.972"/>
  <system-out/>
  <testcase classname="Execution.formsWorkflow" name="selectSaveCollaborators" time="1.649"/>
  <system-out/>
  <testcase classname="Execution.formsWorkflow" name="closeCollaborators" time="1.774"/>
  <system-out/>
  <testcase classname="Execution.formsWorkflow" name="selectEditCollaborators2" time="3.011"/>
  <system-out/>
  <testcase classname="Execution.formsWorkflow" name="selectRemoveCollaborators" time="2.269"/>
  <system-out/>
  <testcase classname="Execution.formsWorkflow" name="selectAddGroup2" time="1.859"/>
  <system-out/>
  <testcase classname="Execution.formsWorkflow" name="selectAddCollaborators2" time="3.978"/>
  <system-out/>
  <testcase classname="Execution.formsWorkflow" name="selectSaveCollaborators02" time="1.673"/>
  <system-out/>
  <testcase classname="Execution.formsWorkflow" name="closeCollaborators02" time="1.776"/>
  <system-out/>
  <testcase classname="Execution.formsWorkflow" name="selectAddSectionHeading01" time="1.689"/>
  <system-out/>
  <testcase classname="Execution.formsWorkflow" name="inputFieldName01" time="2.408"/>
  <system-out/>
  <testcase classname="Execution.formsWorkflow" name="inputShortLabel01" time="1.224"/>
  <system-out/>
  <testcase classname="Execution.formsWorkflow" name="selectSingleLineText01" time="2.631"/>
  <system-out/>
  <testcase classname="Execution.formsWorkflow" name="selectQuestionCancel" time="1.665"/>
  <system-out/>
  <testcase classname="Execution.formsWorkflow" name="selectAddSectionHeading01R" time="1.692"/>
  <system-out/>
  <testcase classname="Execution.formsWorkflow" name="inputFieldName01R" time="2.424"/>
  <system-out/>
  <testcase classname="Execution.formsWorkflow" name="inputShortLabel01R" time="1.250"/>
  <system-out/>
  <testcase classname="Execution.formsWorkflow" name="selectSingleLineText01R" time="2.685"/>
  <system-out/>
  <testcase classname="Execution.formsWorkflow" name="inputDefaultAnswer01" time="2.512"/>
  <system-out/>
  <testcase classname="Execution.formsWorkflow" name="selectFieldRequired01" time="1.698"/>
  <system-out/>
  <testcase classname="Execution.formsWorkflow" name="selectFieldSensitiveData01" time="1.072"/>
  <system-out/>
  <testcase classname="Execution.formsWorkflow" name="selectSortValue01" time="1.662"/>
  <system-out/>
  <testcase classname="Execution.formsWorkflow" name="selectQuestionSave01" time="1.699"/>
  <system-out/>
  <testcase classname="Execution.formsWorkflow" name="selectEditFieldIcon" time="1.864"/>
  <system-out/>
  <testcase classname="Execution.formsWorkflow" name="editDefaultAnswer01" time="2.747"/>
  <system-out/>
  <testcase classname="Execution.formsWorkflow" name="selectAdvancedOptions01" time="1.688"/>
  <system-out/>
  <testcase classname="Execution.formsWorkflow" name="selectSaveCode01a" time="1.136"/>
  <system-out/>
  <testcase classname="Execution.formsWorkflow" name="selectSaveCode01b" time="1.188"/>
  <system-out/>
  <testcase classname="Execution.formsWorkflow" name="selectSaveQuestion01" time="1.676"/>
  <system-out/>
  <testcase classname="Execution.formsWorkflow" name="selectEditFieldIcon02" time="1.803"/>
  <system-out/>
  <testcase classname="Execution.formsWorkflow" name="selectAdvancedFormatting" time="1.845"/>
  <system-out/>
  <testcase classname="Execution.formsWorkflow" name="selectTextToFormat" time="2.865"/>
  <system-out/>
  <testcase classname="Execution.formsWorkflow" name="formatTextBold" time="1.144"/>
  <system-out/>
  <testcase classname="Execution.formsWorkflow" name="selectSaveQuestion02" time="1.761"/>
  <system-out/>
  <testcase classname="Execution.formsWorkflow" name="selectEditFieldIcon03" time="1.806"/>
  <system-out/>
  <testcase classname="Execution.formsWorkflow" name="showFormatedCode" time="1.859"/>
  <system-out/>
  <testcase classname="Execution.formsWorkflow" name="validateFormatBold" time="1.757"/>
  <system-out/>
  <testcase classname="Execution.formsWorkflow" name="selectSave03" time="1.693"/>
  <system-out/>
  <testcase classname="Execution.formsWorkflow" name="selectEditFieldIcon04" time="2.136"/>
  <system-out/>
  <testcase classname="Execution.formsWorkflow" name="selectTextToFormat01" time="2.893"/>
  <system-out/>
  <testcase classname="Execution.formsWorkflow" name="formatTextItalics" time="0.770"/>
  <system-out/>
  <testcase classname="Execution.formsWorkflow" name="selectSave04" time="1.680"/>
  <system-out/>
  <testcase classname="Execution.formsWorkflow" name="selectEditFieldIcon05" time="1.800"/>
  <system-out/>
  <testcase classname="Execution.formsWorkflow" name="showFormatedCode03" time="1.801"/>
  <system-out/>
  <testcase classname="Execution.formsWorkflow" name="validateFormatItalics" time="1.716"/>
  <system-out/>
  <testcase classname="Execution.formsWorkflow" name="selectSave05" time="1.679"/>
  <system-out/>
  <testcase classname="Execution.formsWorkflow" name="addSubQuestion01S01" time="1.694"/>
  <system-out/>
  <testcase classname="Execution.formsWorkflow" name="inputFieldName01S01" time="3.459"/>
  <system-out/>
  <testcase classname="Execution.formsWorkflow" name="inputShortLabel01S01" time="1.516"/>
  <system-out/>
  <testcase classname="Execution.formsWorkflow" name="selectMultiLineText01S01" time="2.704"/>
  <system-out/>
  <testcase classname="Execution.formsWorkflow" name="inputDefaultAnswer01S01" time="3.208"/>
  <system-out/>
  <testcase classname="Execution.formsWorkflow" name="selectFieldRequired01S01" time="1.804"/>
  <system-out/>
  <testcase classname="Execution.formsWorkflow" name="selectFieldSensitiveData01S01" time="1.079"/>
  <system-out/>
  <testcase classname="Execution.formsWorkflow" name="selectSortValue01S01" time="1.797"/>
  <system-out/>
  <testcase classname="Execution.formsWorkflow" name="selectQuestionSave01S01" time="1.799"/>
  <system-out/>
  <testcase classname="Execution.formsWorkflow" name="addSubQuestion01S02" time="1.140"/>
  <system-out/>
  <testcase classname="Execution.formsWorkflow" name="inputFieldName01S02" time="2.758"/>
  <system-out/>
  <testcase classname="Execution.formsWorkflow" name="inputShortLabel01S02" time="1.366"/>
  <system-out/>
  <testcase classname="Execution.formsWorkflow" name="selectGrid01S02" time="2.644"/>
  <system-out/>
  <testcase classname="Execution.formsWorkflow" name="inputColumnTitle01" time="1.740"/>
  <system-out/>
  <testcase classname="Execution.formsWorkflow" name="selectColumnType01" time="2.801"/>
  <system-out/>
  <testcase classname="Execution.formsWorkflow" name="inputDefaultAnswer01S02" time="2.829"/>
  <system-out/>
  <testcase classname="Execution.formsWorkflow" name="selectFieldRequired01S02" time="1.839"/>
  <system-out/>
  <testcase classname="Execution.formsWorkflow" name="selectFieldSensitiveData01S02" time="1.049"/>
  <system-out/>
  <testcase classname="Execution.formsWorkflow" name="selectSortValue01S02" time="1.773"/>
  <system-out/>
  <testcase classname="Execution.formsWorkflow" name="selectQuestionSave01S02" time="2.619"/>
  <system-out/>
  <testcase classname="Execution.formsWorkflow" name="editQuestion01S02" time="2.047"/>
  <system-out/>
  <testcase classname="Execution.formsWorkflow" name="addNewColumn02" time="1.795"/>
  <system-out/>
  <testcase classname="Execution.formsWorkflow" name="inputColumnTitle02" time="1.533"/>
  <system-out/>
  <testcase classname="Execution.formsWorkflow" name="selectColumnType02" time="2.639"/>
  <system-out/>
  <testcase classname="Execution.formsWorkflow" name="addNewColumn03" time="1.779"/>
  <system-out/>
  <testcase classname="Execution.formsWorkflow" name="inputColumnTitle03" time="1.769"/>
  <system-out/>
  <testcase classname="Execution.formsWorkflow" name="selectColumnType03" time="2.620"/>
  <system-out/>
  <testcase classname="Execution.formsWorkflow" name="populateDDLOptions" time="2.101"/>
  <system-out/>
  <testcase classname="Execution.formsWorkflow" name="addNewColumn04" time="1.755"/>
  <system-out/>
  <testcase classname="Execution.formsWorkflow" name="inputColumnTitle04" time="1.812"/>
  <system-out/>
  <testcase classname="Execution.formsWorkflow" name="selectColumnType04" time="2.778"/>
  <system-out/>
  <testcase classname="Execution.formsWorkflow" name="selectQuestionSave01S02_02" time="1.791"/>
  <system-out/>
  <testcase classname="Execution.formsWorkflow" name="editQuestion01S02_2" time="1.796"/>
  <system-out/>
  <testcase classname="Execution.formsWorkflow" name="moveCol1_3PositionsR" time="3.988"/>
  <system-out/>
  <testcase classname="Execution.formsWorkflow" name="moveCol2_1PositionsR" time="1.504"/>
  <system-out/>
  <testcase classname="Execution.formsWorkflow" name="moveCol2_1PositionsL" time="1.548"/>
  <system-out/>
  <testcase classname="Execution.formsWorkflow" name="selectQuestionSave01S02b" time="1.768"/>
  <system-out/>
  <testcase classname="Execution.formsWorkflow" name="selectSubSubQuestion01S01S01" time="1.827"/>
  <system-out/>
  <testcase classname="Execution.formsWorkflow" name="inputFieldName01S01S01" time="3.475"/>
  <system-out/>
  <testcase classname="Execution.formsWorkflow" name="inputShortLabel01S01S01" time="1.596"/>
  <system-out/>
  <testcase classname="Execution.formsWorkflow" name="selectNumeric01S01S01" time="2.674"/>
  <system-out/>
  <testcase classname="Execution.formsWorkflow" name="inputDefaultAnswer01S01S01" time="1.051"/>
  <system-out/>
  <testcase classname="Execution.formsWorkflow" name="selectFieldRequired01S01S01" time="1.484"/>
  <system-out/>
  <testcase classname="Execution.formsWorkflow" name="selectFieldSensitiveData01S01S01" time="1.076"/>
  <system-out/>
  <testcase classname="Execution.formsWorkflow" name="selectSortValue01S01S01" time="1.488"/>
  <system-out/>
  <testcase classname="Execution.formsWorkflow" name="selectQuestionSave01S01S01" time="1.616"/>
  <system-out/>
  <testcase classname="Execution.formsWorkflow" name="selectEditProperties02" time="1.799"/>
  <system-out/>
  <testcase classname="Execution.formsWorkflow" name="changeFormName" time="1.348"/>
  <system-out/>
  <testcase classname="Execution.formsWorkflow" name="changeDescription" time="2.920"/>
  <system-out/>
  <testcase classname="Execution.formsWorkflow" name="selectSortPriority02" time="1.816"/>
  <system-out/>
  <testcase classname="Execution.formsWorkflow" name="selectSave06" time="1.690"/>
  <system-out/>
</testsuite> <!-- Execution.formsWorkflow -->
