<?xml version="1.0" encoding="UTF-8"?>
<!-- Generated by org.testng.reporters.JUnitReportReporter -->
<testsuite hostname="BIR-LTEE2449258" failures="0" tests="12" name="Execution.homePageTest" time="37.840" errors="0" timestamp="2023-09-28T14:46:08 CDT" skipped="0">
  <testcase classname="Execution.homePageTest" name="testForCertPage" time="0.559"/>
  <system-out/>
  <testcase classname="Execution.homePageTest" name="verifyPageTitle" time="0.057"/>
  <system-out/>
  <testcase classname="Execution.homePageTest" name="selectNewRequest" time="2.456"/>
  <system-out/>
  <testcase classname="Execution.homePageTest" name="selectInbox" time="5.459"/>
  <system-out/>
  <testcase classname="Execution.homePageTest" name="selectBookmarks" time="4.341"/>
  <system-out/>
  <testcase classname="Execution.homePageTest" name="selectReportBuilder" time="5.205"/>
  <system-out/>
  <testcase classname="Execution.homePageTest" name="showMoreRecords" time="3.657"/>
  <system-out/>
  <testcase classname="Execution.homePageTest" name="basicSearchNumber" time="2.972"/>
  <system-out/>
  <testcase classname="Execution.homePageTest" name="basicSearchText" time="3.875"/>
  <system-out/>
  <testcase classname="Execution.homePageTest" name="linksDropdown" time="2.628"/>
  <system-out/>
  <testcase classname="Execution.homePageTest" name="helpDropdown" time="2.001"/>
  <system-out/>
  <testcase classname="Execution.homePageTest" name="adminPanelPage" time="4.630"/>
  <system-out/>
</testsuite> <!-- Execution.homePageTest -->
