<?xml version="1.0" encoding="UTF-8"?>
<!-- Generated by org.testng.reporters.JUnitReportReporter -->
<testsuite hostname="BIR-LTEE2449258" failures="0" tests="124" name="Execution.formsWorkflow" time="261.451" errors="0" timestamp="2023-09-25T14:33:27 CDT" skipped="0">
  <testcase classname="Execution.formsWorkflow" name="testForCertPage" time="0.680"/>
  <system-out/>
  <testcase classname="Execution.formsWorkflow" name="clickCreateForm" time="1.852"/>
  <system-out/>
  <testcase classname="Execution.formsWorkflow" name="inputFormLabel" time="1.693"/>
  <system-out/>
  <testcase classname="Execution.formsWorkflow" name="inputFormDesc" time="2.189"/>
  <system-out/>
  <testcase classname="Execution.formsWorkflow" name="selectSave" time="1.773"/>
  <system-out/>
  <testcase classname="Execution.formsWorkflow" name="deleteForm" time="1.785"/>
  <system-out/>
  <testcase classname="Execution.formsWorkflow" name="confirmDeleteForm" time="1.781"/>
  <system-out/>
  <testcase classname="Execution.formsWorkflow" name="clickCreateForm02" time="1.906"/>
  <system-out/>
  <testcase classname="Execution.formsWorkflow" name="inputFormLabel02" time="2.116"/>
  <system-out/>
  <testcase classname="Execution.formsWorkflow" name="inputFormDesc02" time="3.655"/>
  <system-out/>
  <testcase classname="Execution.formsWorkflow" name="selectCancel" time="1.788"/>
  <system-out/>
  <testcase classname="Execution.formsWorkflow" name="clickCreateForm03" time="1.775"/>
  <system-out/>
  <testcase classname="Execution.formsWorkflow" name="inputFormLabel03" time="2.174"/>
  <system-out/>
  <testcase classname="Execution.formsWorkflow" name="inputFormDesc03" time="3.460"/>
  <system-out/>
  <testcase classname="Execution.formsWorkflow" name="selectSave01" time="1.738"/>
  <system-out/>
  <testcase classname="Execution.formsWorkflow" name="selectEditProperties" time="1.791"/>
  <system-out/>
  <testcase classname="Execution.formsWorkflow" name="selectWorkflow" time="4.109"/>
  <system-out/>
  <testcase classname="Execution.formsWorkflow" name="selectCancelChange" time="1.750"/>
  <system-out/>
  <testcase classname="Execution.formsWorkflow" name="selectEditProperties2" time="1.808"/>
  <system-out/>
  <testcase classname="Execution.formsWorkflow" name="selectWorkflow2" time="4.025"/>
  <system-out/>
  <testcase classname="Execution.formsWorkflow" name="selectNeedToKnow" time="2.708"/>
  <system-out/>
  <testcase classname="Execution.formsWorkflow" name="selectAvailability" time="2.940"/>
  <system-out/>
  <testcase classname="Execution.formsWorkflow" name="selectSortPriority" time="1.785"/>
  <system-out/>
  <testcase classname="Execution.formsWorkflow" name="selectType" time="2.734"/>
  <system-out/>
  <testcase classname="Execution.formsWorkflow" name="selectSaveProperties" time="1.734"/>
  <system-out/>
  <testcase classname="Execution.formsWorkflow" name="selectEditCollaborators" time="2.516"/>
  <system-out/>
  <testcase classname="Execution.formsWorkflow" name="selectAddGroup" time="1.635"/>
  <system-out/>
  <testcase classname="Execution.formsWorkflow" name="selectAddCollaborators" time="3.725"/>
  <system-out/>
  <testcase classname="Execution.formsWorkflow" name="selectSaveCollaborators" time="1.740"/>
  <system-out/>
  <testcase classname="Execution.formsWorkflow" name="closeCollaborators" time="1.906"/>
  <system-out/>
  <testcase classname="Execution.formsWorkflow" name="selectEditCollaborators2" time="3.085"/>
  <system-out/>
  <testcase classname="Execution.formsWorkflow" name="selectRemoveCollaborators" time="1.813"/>
  <system-out/>
  <testcase classname="Execution.formsWorkflow" name="selectAddGroup2" time="1.640"/>
  <system-out/>
  <testcase classname="Execution.formsWorkflow" name="selectAddCollaborators2" time="3.267"/>
  <system-out/>
  <testcase classname="Execution.formsWorkflow" name="selectSaveCollaborators02" time="1.786"/>
  <system-out/>
  <testcase classname="Execution.formsWorkflow" name="closeCollaborators02" time="1.913"/>
  <system-out/>
  <testcase classname="Execution.formsWorkflow" name="selectAddSectionHeading01" time="1.735"/>
  <system-out/>
  <testcase classname="Execution.formsWorkflow" name="inputFieldName01" time="2.794"/>
  <system-out/>
  <testcase classname="Execution.formsWorkflow" name="inputShortLabel01" time="1.308"/>
  <system-out/>
  <testcase classname="Execution.formsWorkflow" name="selectSingleLineText01" time="2.874"/>
  <system-out/>
  <testcase classname="Execution.formsWorkflow" name="selectQuestionCancel" time="1.773"/>
  <system-out/>
  <testcase classname="Execution.formsWorkflow" name="selectAddSectionHeading01R" time="1.830"/>
  <system-out/>
  <testcase classname="Execution.formsWorkflow" name="inputFieldName01R" time="2.720"/>
  <system-out/>
  <testcase classname="Execution.formsWorkflow" name="inputShortLabel01R" time="1.237"/>
  <system-out/>
  <testcase classname="Execution.formsWorkflow" name="selectSingleLineText01R" time="2.790"/>
  <system-out/>
  <testcase classname="Execution.formsWorkflow" name="inputDefaultAnswer01" time="2.908"/>
  <system-out/>
  <testcase classname="Execution.formsWorkflow" name="selectFieldRequired01" time="1.746"/>
  <system-out/>
  <testcase classname="Execution.formsWorkflow" name="selectFieldSensitiveData01" time="1.082"/>
  <system-out/>
  <testcase classname="Execution.formsWorkflow" name="selectSortValue01" time="1.957"/>
  <system-out/>
  <testcase classname="Execution.formsWorkflow" name="selectQuestionSave01" time="1.695"/>
  <system-out/>
  <testcase classname="Execution.formsWorkflow" name="selectEditFieldIcon" time="1.916"/>
  <system-out/>
  <testcase classname="Execution.formsWorkflow" name="editDefaultAnswer01" time="2.819"/>
  <system-out/>
  <testcase classname="Execution.formsWorkflow" name="selectAdvancedOptions01" time="1.766"/>
  <system-out/>
  <testcase classname="Execution.formsWorkflow" name="selectSaveCode01a" time="1.182"/>
  <system-out/>
  <testcase classname="Execution.formsWorkflow" name="selectSaveCode01b" time="1.180"/>
  <system-out/>
  <testcase classname="Execution.formsWorkflow" name="selectSaveQuestion01" time="1.707"/>
  <system-out/>
  <testcase classname="Execution.formsWorkflow" name="selectEditFieldIcon02" time="1.884"/>
  <system-out/>
  <testcase classname="Execution.formsWorkflow" name="selectAdvancedFormatting" time="1.915"/>
  <system-out/>
  <testcase classname="Execution.formsWorkflow" name="selectTextToFormat" time="3.042"/>
  <system-out/>
  <testcase classname="Execution.formsWorkflow" name="formatTextBold" time="1.223"/>
  <system-out/>
  <testcase classname="Execution.formsWorkflow" name="selectSaveQuestion02" time="1.884"/>
  <system-out/>
  <testcase classname="Execution.formsWorkflow" name="selectEditFieldIcon03" time="1.883"/>
  <system-out/>
  <testcase classname="Execution.formsWorkflow" name="showFormatedCode" time="1.825"/>
  <system-out/>
  <testcase classname="Execution.formsWorkflow" name="validateFormatBold" time="1.792"/>
  <system-out/>
  <testcase classname="Execution.formsWorkflow" name="selectSave03" time="1.776"/>
  <system-out/>
  <testcase classname="Execution.formsWorkflow" name="selectEditFieldIcon04" time="1.818"/>
  <system-out/>
  <testcase classname="Execution.formsWorkflow" name="selectTextToFormat01" time="2.986"/>
  <system-out/>
  <testcase classname="Execution.formsWorkflow" name="formatTextItalics" time="0.769"/>
  <system-out/>
  <testcase classname="Execution.formsWorkflow" name="selectSave04" time="1.745"/>
  <system-out/>
  <testcase classname="Execution.formsWorkflow" name="selectEditFieldIcon05" time="1.903"/>
  <system-out/>
  <testcase classname="Execution.formsWorkflow" name="showFormatedCode03" time="1.823"/>
  <system-out/>
  <testcase classname="Execution.formsWorkflow" name="validateFormatItalics" time="1.853"/>
  <system-out/>
  <testcase classname="Execution.formsWorkflow" name="selectSave05" time="1.746"/>
  <system-out/>
  <testcase classname="Execution.formsWorkflow" name="addSubQuestion01S01" time="1.716"/>
  <system-out/>
  <testcase classname="Execution.formsWorkflow" name="inputFieldName01S01" time="3.932"/>
  <system-out/>
  <testcase classname="Execution.formsWorkflow" name="inputShortLabel01S01" time="1.464"/>
  <system-out/>
  <testcase classname="Execution.formsWorkflow" name="selectMultiLineText01S01" time="2.979"/>
  <system-out/>
  <testcase classname="Execution.formsWorkflow" name="inputDefaultAnswer01S01" time="3.094"/>
  <system-out/>
  <testcase classname="Execution.formsWorkflow" name="selectFieldRequired01S01" time="1.833"/>
  <system-out/>
  <testcase classname="Execution.formsWorkflow" name="selectFieldSensitiveData01S01" time="1.163"/>
  <system-out/>
  <testcase classname="Execution.formsWorkflow" name="selectSortValue01S01" time="1.856"/>
  <system-out/>
  <testcase classname="Execution.formsWorkflow" name="selectQuestionSave01S01" time="1.916"/>
  <system-out/>
  <testcase classname="Execution.formsWorkflow" name="addSubQuestion01S02" time="1.308"/>
  <system-out/>
  <testcase classname="Execution.formsWorkflow" name="inputFieldName01S02" time="2.970"/>
  <system-out/>
  <testcase classname="Execution.formsWorkflow" name="inputShortLabel01S02" time="1.519"/>
  <system-out/>
  <testcase classname="Execution.formsWorkflow" name="selectGrid01S02" time="2.918"/>
  <system-out/>
  <testcase classname="Execution.formsWorkflow" name="inputColumnTitle01" time="1.707"/>
  <system-out/>
  <testcase classname="Execution.formsWorkflow" name="selectColumnType01" time="3.126"/>
  <system-out/>
  <testcase classname="Execution.formsWorkflow" name="inputDefaultAnswer01S02" time="3.129"/>
  <system-out/>
  <testcase classname="Execution.formsWorkflow" name="selectFieldRequired01S02" time="1.976"/>
  <system-out/>
  <testcase classname="Execution.formsWorkflow" name="selectFieldSensitiveData01S02" time="1.099"/>
  <system-out/>
  <testcase classname="Execution.formsWorkflow" name="selectSortValue01S02" time="1.840"/>
  <system-out/>
  <testcase classname="Execution.formsWorkflow" name="selectQuestionSave01S02" time="2.750"/>
  <system-out/>
  <testcase classname="Execution.formsWorkflow" name="editQuestion01S02" time="1.982"/>
  <system-out/>
  <testcase classname="Execution.formsWorkflow" name="addNewColumn02" time="1.912"/>
  <system-out/>
  <testcase classname="Execution.formsWorkflow" name="inputColumnTitle02" time="1.688"/>
  <system-out/>
  <testcase classname="Execution.formsWorkflow" name="selectColumnType02" time="2.919"/>
  <system-out/>
  <testcase classname="Execution.formsWorkflow" name="addNewColumn03" time="1.844"/>
  <system-out/>
  <testcase classname="Execution.formsWorkflow" name="inputColumnTitle03" time="1.941"/>
  <system-out/>
  <testcase classname="Execution.formsWorkflow" name="selectColumnType03" time="2.989"/>
  <system-out/>
  <testcase classname="Execution.formsWorkflow" name="populateDDLOptions" time="2.262"/>
  <system-out/>
  <testcase classname="Execution.formsWorkflow" name="addNewColumn04" time="1.911"/>
  <system-out/>
  <testcase classname="Execution.formsWorkflow" name="inputColumnTitle04" time="1.939"/>
  <system-out/>
  <testcase classname="Execution.formsWorkflow" name="selectColumnType04" time="2.886"/>
  <system-out/>
  <testcase classname="Execution.formsWorkflow" name="selectQuestionSave01S02_02" time="1.927"/>
  <system-out/>
  <testcase classname="Execution.formsWorkflow" name="editQuestion01S02_2" time="1.912"/>
  <system-out/>
  <testcase classname="Execution.formsWorkflow" name="moveCol1_3PositionsR" time="4.034"/>
  <system-out/>
  <testcase classname="Execution.formsWorkflow" name="moveCol2_1PositionsR" time="1.907"/>
  <system-out/>
  <testcase classname="Execution.formsWorkflow" name="moveCol2_1PositionsL" time="1.919"/>
  <system-out/>
  <testcase classname="Execution.formsWorkflow" name="selectQuestionSave01S02b" time="1.931"/>
  <system-out/>
  <testcase classname="Execution.formsWorkflow" name="selectSubSubQuestion01S01S01" time="1.963"/>
  <system-out/>
  <testcase classname="Execution.formsWorkflow" name="inputFieldName01S01S01" time="3.717"/>
  <system-out/>
  <testcase classname="Execution.formsWorkflow" name="inputShortLabel01S01S01" time="1.607"/>
  <system-out/>
  <testcase classname="Execution.formsWorkflow" name="selectNumeric01S01S01" time="2.947"/>
  <system-out/>
  <testcase classname="Execution.formsWorkflow" name="inputDefaultAnswer01S01S01" time="1.155"/>
  <system-out/>
  <testcase classname="Execution.formsWorkflow" name="selectFieldRequired01S01S01" time="1.630"/>
  <system-out/>
  <testcase classname="Execution.formsWorkflow" name="selectFieldSensitiveData01S01S01" time="1.133"/>
  <system-out/>
  <testcase classname="Execution.formsWorkflow" name="selectSortValue01S01S01" time="1.598"/>
  <system-out/>
  <testcase classname="Execution.formsWorkflow" name="selectQuestionSave01S01S01" time="1.686"/>
  <system-out/>
  <testcase classname="Execution.formsWorkflow" name="selectEditProperties02" time="1.940"/>
  <system-out/>
  <testcase classname="Execution.formsWorkflow" name="changeFormName" time="1.431"/>
  <system-out/>
  <testcase classname="Execution.formsWorkflow" name="changeDescription" time="3.106"/>
  <system-out/>
  <testcase classname="Execution.formsWorkflow" name="selectSortPriority02" time="1.961"/>
  <system-out/>
  <testcase classname="Execution.formsWorkflow" name="selectSave06" time="1.718"/>
  <system-out/>
</testsuite> <!-- Execution.formsWorkflow -->
