<?xml version="1.0" encoding="UTF-8"?>
<!-- Generated by org.testng.reporters.JUnitReportReporter -->
<testsuite hostname="BIR-LTEE2449258" failures="0" tests="131" name="Execution.formsWorkflowPart2" time="211.476" errors="0" timestamp="2023-10-03T10:34:57 CDT" skipped="0">
  <testcase classname="Execution.formsWorkflowPart2" name="testForCertPage" time="0.647"/>
  <system-out/>
  <testcase classname="Execution.formsWorkflowPart2" name="initializePOM" time="2.314"/>
  <system-out/>
  <testcase classname="Execution.formsWorkflowPart2" name="selectCurrentFormByXpath" time="2.701"/>
  <system-out/>
  <testcase classname="Execution.formsWorkflowPart2" name="selectAddSectionHeading02" time="1.626"/>
  <system-out/>
  <testcase classname="Execution.formsWorkflowPart2" name="inputFieldName02" time="2.065"/>
  <system-out/>
  <testcase classname="Execution.formsWorkflowPart2" name="inputShortLabel02" time="1.121"/>
  <system-out/>
  <testcase classname="Execution.formsWorkflowPart2" name="selectNumericTypeField" time="2.580"/>
  <system-out/>
  <testcase classname="Execution.formsWorkflowPart2" name="inputDefaultAnswer02" time="0.958"/>
  <system-out/>
  <testcase classname="Execution.formsWorkflowPart2" name="selectFieldRequired02" time="1.558"/>
  <system-out/>
  <testcase classname="Execution.formsWorkflowPart2" name="selectFieldSensitiveData02" time="0.945"/>
  <system-out/>
  <testcase classname="Execution.formsWorkflowPart2" name="selectSortValue02" time="1.013"/>
  <system-out/>
  <testcase classname="Execution.formsWorkflowPart2" name="selectQuestionSave02" time="1.573"/>
  <system-out/>
  <testcase classname="Execution.formsWorkflowPart2" name="editQuestionQ2" time="1.660"/>
  <system-out/>
  <testcase classname="Execution.formsWorkflowPart2" name="selectDeleteQuestion" time="1.573"/>
  <system-out/>
  <testcase classname="Execution.formsWorkflowPart2" name="selectQuestionSave03" time="1.619"/>
  <system-out/>
  <testcase classname="Execution.formsWorkflowPart2" name="selectRestoreFields" time="1.850"/>
  <system-out/>
  <testcase classname="Execution.formsWorkflowPart2" name="selectDataToRestore" time="3.232"/>
  <system-out/>
  <testcase classname="Execution.formsWorkflowPart2" name="selectCurrentFormByXpath02" time="2.650"/>
  <system-out/>
  <testcase classname="Execution.formsWorkflowPart2" name="addSubQuestionQ2S01" time="1.594"/>
  <system-out/>
  <testcase classname="Execution.formsWorkflowPart2" name="inputFieldNameQ2S01" time="2.395"/>
  <system-out/>
  <testcase classname="Execution.formsWorkflowPart2" name="inputShortLabelQ2S01" time="1.288"/>
  <system-out/>
  <testcase classname="Execution.formsWorkflowPart2" name="selectTypeDateQ2S01" time="2.568"/>
  <system-out/>
  <testcase classname="Execution.formsWorkflowPart2" name="inputDefaultAnswerQ2S01" time="1.543"/>
  <system-out/>
  <testcase classname="Execution.formsWorkflowPart2" name="selectFieldRequiredQ2S01" time="1.579"/>
  <system-out/>
  <testcase classname="Execution.formsWorkflowPart2" name="selectFieldSensitiveDataQ2S01" time="0.950"/>
  <system-out/>
  <testcase classname="Execution.formsWorkflowPart2" name="selectSortValueQ2S01" time="1.563"/>
  <system-out/>
  <testcase classname="Execution.formsWorkflowPart2" name="selectQuestionSaveQ2S01" time="1.591"/>
  <system-out/>
  <testcase classname="Execution.formsWorkflowPart2" name="addSubQuestionQ2S02" time="1.616"/>
  <system-out/>
  <testcase classname="Execution.formsWorkflowPart2" name="inputFieldNameQ2S02" time="2.289"/>
  <system-out/>
  <testcase classname="Execution.formsWorkflowPart2" name="inputShortLabelQ2S02" time="1.268"/>
  <system-out/>
  <testcase classname="Execution.formsWorkflowPart2" name="selectInputTypeQ2S02" time="2.490"/>
  <system-out/>
  <testcase classname="Execution.formsWorkflowPart2" name="populateRadioOptions" time="1.905"/>
  <system-out/>
  <testcase classname="Execution.formsWorkflowPart2" name="inputDefaultAnswerQ2S02" time="0.975"/>
  <system-out/>
  <testcase classname="Execution.formsWorkflowPart2" name="selectFieldRequiredQ2S02" time="1.620"/>
  <system-out/>
  <testcase classname="Execution.formsWorkflowPart2" name="selectFieldSensitiveDataQ2S02" time="0.952"/>
  <system-out/>
  <testcase classname="Execution.formsWorkflowPart2" name="selectSortValueQ2S02" time="1.591"/>
  <system-out/>
  <testcase classname="Execution.formsWorkflowPart2" name="selectQuestionSaveQ2S02" time="1.564"/>
  <system-out/>
  <testcase classname="Execution.formsWorkflowPart2" name="addSubQuestionQ2S03" time="1.596"/>
  <system-out/>
  <testcase classname="Execution.formsWorkflowPart2" name="inputFieldNameQ2S03" time="2.501"/>
  <system-out/>
  <testcase classname="Execution.formsWorkflowPart2" name="inputShortLabelQ2S03" time="1.319"/>
  <system-out/>
  <testcase classname="Execution.formsWorkflowPart2" name="selectTypeDateQ2S03" time="2.500"/>
  <system-out/>
  <testcase classname="Execution.formsWorkflowPart2" name="populateCheckboxOptions" time="1.607"/>
  <system-out/>
  <testcase classname="Execution.formsWorkflowPart2" name="inputDefaultAnswerQ2S03" time="0.956"/>
  <system-out/>
  <testcase classname="Execution.formsWorkflowPart2" name="selectFieldRequiredQ2S03" time="1.616"/>
  <system-out/>
  <testcase classname="Execution.formsWorkflowPart2" name="selectFieldSensitiveDataQ2S03" time="0.949"/>
  <system-out/>
  <testcase classname="Execution.formsWorkflowPart2" name="selectSortValueQ2S03" time="1.573"/>
  <system-out/>
  <testcase classname="Execution.formsWorkflowPart2" name="selectQuestionSaveQ2S03" time="1.583"/>
  <system-out/>
  <testcase classname="Execution.formsWorkflowPart2" name="addSubQuestionQ2S04" time="1.441"/>
  <system-out/>
  <testcase classname="Execution.formsWorkflowPart2" name="inputFieldNameQ2S04" time="2.560"/>
  <system-out/>
  <testcase classname="Execution.formsWorkflowPart2" name="inputShortLabelQ2S04" time="1.248"/>
  <system-out/>
  <testcase classname="Execution.formsWorkflowPart2" name="selectTypeCheckboxes" time="2.524"/>
  <system-out/>
  <testcase classname="Execution.formsWorkflowPart2" name="populateCheckboxesOptions" time="1.872"/>
  <system-out/>
  <testcase classname="Execution.formsWorkflowPart2" name="inputDefaultAnswerQ2S04" time="0.966"/>
  <system-out/>
  <testcase classname="Execution.formsWorkflowPart2" name="selectFieldRequiredQ2S04" time="1.600"/>
  <system-out/>
  <testcase classname="Execution.formsWorkflowPart2" name="selectFieldSensitiveDataQ2S04" time="0.983"/>
  <system-out/>
  <testcase classname="Execution.formsWorkflowPart2" name="selectSortValueQ2S04" time="1.574"/>
  <system-out/>
  <testcase classname="Execution.formsWorkflowPart2" name="selectQuestionSaveQ2S04" time="1.572"/>
  <system-out/>
  <testcase classname="Execution.formsWorkflowPart2" name="selectAddSectionHeadingQ3" time="1.616"/>
  <system-out/>
  <testcase classname="Execution.formsWorkflowPart2" name="inputFieldNameQ3" time="1.763"/>
  <system-out/>
  <testcase classname="Execution.formsWorkflowPart2" name="inputShortLabelQ3" time="1.097"/>
  <system-out/>
  <testcase classname="Execution.formsWorkflowPart2" name="selectTypeMultiselect" time="2.531"/>
  <system-out/>
  <testcase classname="Execution.formsWorkflowPart2" name="populateMultiselectOptions" time="1.880"/>
  <system-out/>
  <testcase classname="Execution.formsWorkflowPart2" name="inputDefaultAnswerQ3" time="0.952"/>
  <system-out/>
  <testcase classname="Execution.formsWorkflowPart2" name="selectFieldRequiredQ3" time="1.613"/>
  <system-out/>
  <testcase classname="Execution.formsWorkflowPart2" name="selectFieldSensitiveDataQ3" time="0.952"/>
  <system-out/>
  <testcase classname="Execution.formsWorkflowPart2" name="selectSortValueQ3" time="1.571"/>
  <system-out/>
  <testcase classname="Execution.formsWorkflowPart2" name="selectQuestionSaveQ3" time="1.624"/>
  <system-out/>
  <testcase classname="Execution.formsWorkflowPart2" name="addSubQuestionQ3S01" time="1.605"/>
  <system-out/>
  <testcase classname="Execution.formsWorkflowPart2" name="inputFieldNameQ3S01" time="1.736"/>
  <system-out/>
  <testcase classname="Execution.formsWorkflowPart2" name="inputShortLabelQ3S01" time="1.301"/>
  <system-out/>
  <testcase classname="Execution.formsWorkflowPart2" name="selectTypeDropdown" time="2.467"/>
  <system-out/>
  <testcase classname="Execution.formsWorkflowPart2" name="populateDropdownOptions" time="1.904"/>
  <system-out/>
  <testcase classname="Execution.formsWorkflowPart2" name="inputDefaultAnswerQ3S01" time="0.955"/>
  <system-out/>
  <testcase classname="Execution.formsWorkflowPart2" name="selectFieldRequiredQ3S01" time="1.572"/>
  <system-out/>
  <testcase classname="Execution.formsWorkflowPart2" name="selectFieldSensitiveDataQ3S01" time="0.953"/>
  <system-out/>
  <testcase classname="Execution.formsWorkflowPart2" name="selectSortValueQ3S01" time="1.601"/>
  <system-out/>
  <testcase classname="Execution.formsWorkflowPart2" name="selectQuestionSaveQ3S01" time="1.579"/>
  <system-out/>
  <testcase classname="Execution.formsWorkflowPart2" name="addSubQuestionQ3S02" time="1.585"/>
  <system-out/>
  <testcase classname="Execution.formsWorkflowPart2" name="inputFieldNameQ3S02" time="2.176"/>
  <system-out/>
  <testcase classname="Execution.formsWorkflowPart2" name="inputShortLabelQ3S02" time="1.283"/>
  <system-out/>
  <testcase classname="Execution.formsWorkflowPart2" name="selectTypeFileAttachment" time="2.545"/>
  <system-out/>
  <testcase classname="Execution.formsWorkflowPart2" name="inputDefaultAnswerQ3S02" time="0.977"/>
  <system-out/>
  <testcase classname="Execution.formsWorkflowPart2" name="selectFieldRequiredQ3S02" time="1.624"/>
  <system-out/>
  <testcase classname="Execution.formsWorkflowPart2" name="selectFieldSensitiveDataQ3S02" time="0.952"/>
  <system-out/>
  <testcase classname="Execution.formsWorkflowPart2" name="selectSortValueQ3S02" time="1.576"/>
  <system-out/>
  <testcase classname="Execution.formsWorkflowPart2" name="selectQuestionSaveQ3S02" time="1.568"/>
  <system-out/>
  <testcase classname="Execution.formsWorkflowPart2" name="addSubQuestionQ3S03" time="1.592"/>
  <system-out/>
  <testcase classname="Execution.formsWorkflowPart2" name="inputFieldNameQ3S03" time="2.146"/>
  <system-out/>
  <testcase classname="Execution.formsWorkflowPart2" name="inputShortLabelQ3S03" time="1.306"/>
  <system-out/>
  <testcase classname="Execution.formsWorkflowPart2" name="selectTypeImageAttachment" time="2.532"/>
  <system-out/>
  <testcase classname="Execution.formsWorkflowPart2" name="inputDefaultAnswerQ3S03" time="0.950"/>
  <system-out/>
  <testcase classname="Execution.formsWorkflowPart2" name="selectFieldRequiredQ3S03" time="1.634"/>
  <system-out/>
  <testcase classname="Execution.formsWorkflowPart2" name="selectFieldSensitiveDataQ3S03" time="0.948"/>
  <system-out/>
  <testcase classname="Execution.formsWorkflowPart2" name="selectSortValueQ3S03" time="1.576"/>
  <system-out/>
  <testcase classname="Execution.formsWorkflowPart2" name="selectQuestionSaveQ3S03" time="1.560"/>
  <system-out/>
  <testcase classname="Execution.formsWorkflowPart2" name="addSubQuestionQ4" time="1.605"/>
  <system-out/>
  <testcase classname="Execution.formsWorkflowPart2" name="inputFieldNameQ4" time="1.976"/>
  <system-out/>
  <testcase classname="Execution.formsWorkflowPart2" name="inputShortLabelQ4" time="1.098"/>
  <system-out/>
  <testcase classname="Execution.formsWorkflowPart2" name="selectTypeOrgChartGroup" time="2.514"/>
  <system-out/>
  <testcase classname="Execution.formsWorkflowPart2" name="inputDefaultAnswerQ4" time="0.956"/>
  <system-out/>
  <testcase classname="Execution.formsWorkflowPart2" name="selectFieldRequiredQ4" time="1.613"/>
  <system-out/>
  <testcase classname="Execution.formsWorkflowPart2" name="selectFieldSensitiveDataQ4" time="0.952"/>
  <system-out/>
  <testcase classname="Execution.formsWorkflowPart2" name="selectSortValueQ4" time="1.583"/>
  <system-out/>
  <testcase classname="Execution.formsWorkflowPart2" name="selectQuestionSaveQ4" time="1.563"/>
  <system-out/>
  <testcase classname="Execution.formsWorkflowPart2" name="addSubQuestionQ4S01" time="1.627"/>
  <system-out/>
  <testcase classname="Execution.formsWorkflowPart2" name="inputFieldNameQ4S01" time="2.282"/>
  <system-out/>
  <testcase classname="Execution.formsWorkflowPart2" name="inputShortLabelQ4S01" time="1.267"/>
  <system-out/>
  <testcase classname="Execution.formsWorkflowPart2" name="selectTypeOrgChartPosition" time="2.503"/>
  <system-out/>
  <testcase classname="Execution.formsWorkflowPart2" name="inputDefaultAnswerQ4S01" time="0.955"/>
  <system-out/>
  <testcase classname="Execution.formsWorkflowPart2" name="selectFieldRequiredQ4S01" time="1.618"/>
  <system-out/>
  <testcase classname="Execution.formsWorkflowPart2" name="selectFieldSensitiveDataQ4S01" time="0.945"/>
  <system-out/>
  <testcase classname="Execution.formsWorkflowPart2" name="selectSortValueQ4S01" time="1.580"/>
  <system-out/>
  <testcase classname="Execution.formsWorkflowPart2" name="selectQuestionSaveQ4S01" time="1.550"/>
  <system-out/>
  <testcase classname="Execution.formsWorkflowPart2" name="addSubQuestionQ4S02" time="1.603"/>
  <system-out/>
  <testcase classname="Execution.formsWorkflowPart2" name="inputFieldNameQ4S02" time="2.397"/>
  <system-out/>
  <testcase classname="Execution.formsWorkflowPart2" name="inputShortLabelQ4S02" time="1.268"/>
  <system-out/>
  <testcase classname="Execution.formsWorkflowPart2" name="selectTypeOrgChartEmployee" time="2.543"/>
  <system-out/>
  <testcase classname="Execution.formsWorkflowPart2" name="inputDefaultAnswerQ4S02" time="0.954"/>
  <system-out/>
  <testcase classname="Execution.formsWorkflowPart2" name="selectFieldRequiredQ4S02" time="1.614"/>
  <system-out/>
  <testcase classname="Execution.formsWorkflowPart2" name="selectFieldSensitiveDataQ4S02" time="0.957"/>
  <system-out/>
  <testcase classname="Execution.formsWorkflowPart2" name="selectSortValueQ4S02" time="1.581"/>
  <system-out/>
  <testcase classname="Execution.formsWorkflowPart2" name="selectQuestionSaveQ4S02" time="1.552"/>
  <system-out/>
  <testcase classname="Execution.formsWorkflowPart2" name="selectAddSectionHeadingQ5" time="1.617"/>
  <system-out/>
  <testcase classname="Execution.formsWorkflowPart2" name="inputFieldNameQ5" time="1.600"/>
  <system-out/>
  <testcase classname="Execution.formsWorkflowPart2" name="inputShortLabelQ5" time="1.118"/>
  <system-out/>
  <testcase classname="Execution.formsWorkflowPart2" name="selectTypeRawData" time="2.486"/>
  <system-out/>
  <testcase classname="Execution.formsWorkflowPart2" name="inputDefaultAnswerQ5" time="0.943"/>
  <system-out/>
  <testcase classname="Execution.formsWorkflowPart2" name="selectFieldRequiredQ5" time="1.609"/>
  <system-out/>
  <testcase classname="Execution.formsWorkflowPart2" name="selectFieldSensitiveDataQ5" time="0.950"/>
  <system-out/>
  <testcase classname="Execution.formsWorkflowPart2" name="selectSortValueQ5" time="1.566"/>
  <system-out/>
  <testcase classname="Execution.formsWorkflowPart2" name="selectQuestionSaveQ5" time="1.563"/>
  <system-out/>
</testsuite> <!-- Execution.formsWorkflowPart2 -->
