<?xml version="1.0" encoding="UTF-8"?>
<!-- Generated by org.testng.reporters.JUnitReportReporter -->
<testsuite hostname="BIR-LTEE2449258" failures="0" tests="9" name="Execution.orgChartWorkflow" time="18.442" errors="0" timestamp="2023-09-28T14:46:08 CDT" skipped="0">
  <testcase classname="Execution.orgChartWorkflow" name="testForCertPage" time="0.588"/>
  <system-out/>
  <testcase classname="Execution.orgChartWorkflow" name="searchByEmployee" time="2.076"/>
  <system-out/>
  <testcase classname="Execution.orgChartWorkflow" name="verifySearchByEmployee" time="2.536"/>
  <system-out/>
  <testcase classname="Execution.orgChartWorkflow" name="searchByPosition" time="2.426"/>
  <system-out/>
  <testcase classname="Execution.orgChartWorkflow" name="verifySearchByPosition" time="2.436"/>
  <system-out/>
  <testcase classname="Execution.orgChartWorkflow" name="searchByGroup" time="1.406"/>
  <system-out/>
  <testcase classname="Execution.orgChartWorkflow" name="verifySearchByGroup" time="2.444"/>
  <system-out/>
  <testcase classname="Execution.orgChartWorkflow" name="searchByServices" time="2.052"/>
  <system-out/>
  <testcase classname="Execution.orgChartWorkflow" name="verifySearchByService" time="2.478"/>
  <system-out/>
</testsuite> <!-- Execution.orgChartWorkflow -->
