<?xml version="1.0" encoding="UTF-8"?>
<!-- Generated by org.testng.reporters.JUnitReportReporter -->
<testsuite hostname="DESKTOP-OOHKJP3" failures="0" tests="4" name="Execution.userAccessGroupsPart3" time="8.504" errors="0" timestamp="2023-10-05T10:46:13 CDT" skipped="0">
  <testcase classname="Execution.userAccessGroupsPart3" name="testForCertPage" time="1.463"/>
  <system-out/>
  <testcase classname="Execution.userAccessGroupsPart3" name="openAccessGroup" time="2.567"/>
  <system-out/>
  <testcase classname="Execution.userAccessGroupsPart3" name="deleteUserGroup" time="3.447"/>
  <system-out/>
  <testcase classname="Execution.userAccessGroupsPart3" name="confirmYes" time="1.027"/>
  <system-out/>
</testsuite> <!-- Execution.userAccessGroupsPart3 -->
