<?xml version="1.0" encoding="UTF-8"?>
<!-- Generated by org.testng.reporters.JUnitReportReporter -->
<testsuite hostname="DESKTOP-OOHKJP3" failures="0" tests="3" name="Execution.leafRecordDestruction" time="7.737" errors="0" timestamp="2023-09-22T13:08:41 CDT" skipped="0">
  <testcase classname="Execution.leafRecordDestruction" name="testForCertPage" time="2.761"/>
  <system-out/>
  <testcase classname="Execution.leafRecordDestruction" name="openForm" time="2.532"/>
  <system-out/>
  <testcase classname="Execution.leafRecordDestruction" name="openRecordDestructionYears" time="2.444"/>
  <system-out/>
</testsuite> <!-- Execution.leafRecordDestruction -->
